mode: atomic
goDial/cmd/main.go:12.13,14.16 2 0
goDial/cmd/main.go:14.16,16.17 2 0
goDial/cmd/main.go:16.17,18.4 1 0
goDial/cmd/main.go:19.3,20.17 2 0
goDial/cmd/main.go:22.2,27.77 3 0
goDial/cmd/main.go:27.77,29.3 1 0
goDial/cmd/main.go:29.8,31.3 1 0
goDial/cmd/main.go:33.2,33.56 1 0
goDial/cmd/main.go:33.56,35.3 1 0
goDial/internal/ai/generation.go:14.51,17.18 2 4
goDial/internal/ai/generation.go:17.18,19.3 1 3
goDial/internal/ai/generation.go:22.2,37.16 4 1
goDial/internal/ai/generation.go:37.16,39.3 1 1
goDial/internal/ai/generation.go:41.2,48.44 4 0
goDial/internal/ai/generation.go:48.44,49.31 1 0
goDial/internal/ai/generation.go:49.31,51.4 1 0
goDial/internal/ai/generation.go:52.3,52.48 1 0
goDial/internal/ai/generation.go:54.2,54.40 1 0
goDial/internal/ai/generation.go:59.61,61.16 2 1
goDial/internal/ai/generation.go:61.16,63.3 1 1
goDial/internal/ai/generation.go:64.2,64.20 1 0
goDial/internal/ai/generation.go:64.20,71.3 1 0
goDial/internal/ai/generation.go:72.2,72.16 1 0
goDial/internal/database/calls.sql.go:20.77,36.2 4 0
goDial/internal/database/calls.sql.go:52.87,74.2 4 1
goDial/internal/database/calls.sql.go:81.67,84.2 2 0
goDial/internal/database/calls.sql.go:91.72,107.2 4 1
goDial/internal/database/calls.sql.go:115.97,117.16 2 0
goDial/internal/database/calls.sql.go:117.16,119.3 1 0
goDial/internal/database/calls.sql.go:120.2,122.18 3 0
goDial/internal/database/calls.sql.go:122.18,135.17 2 0
goDial/internal/database/calls.sql.go:135.17,137.4 1 0
goDial/internal/database/calls.sql.go:138.3,138.27 1 0
goDial/internal/database/calls.sql.go:140.2,140.37 1 0
goDial/internal/database/calls.sql.go:140.37,142.3 1 0
goDial/internal/database/calls.sql.go:143.2,143.35 1 0
goDial/internal/database/calls.sql.go:143.35,145.3 1 0
goDial/internal/database/calls.sql.go:146.2,146.19 1 0
goDial/internal/database/calls.sql.go:155.86,157.16 2 0
goDial/internal/database/calls.sql.go:157.16,159.3 1 0
goDial/internal/database/calls.sql.go:160.2,162.18 3 0
goDial/internal/database/calls.sql.go:162.18,175.17 2 0
goDial/internal/database/calls.sql.go:175.17,177.4 1 0
goDial/internal/database/calls.sql.go:178.3,178.27 1 0
goDial/internal/database/calls.sql.go:180.2,180.37 1 0
goDial/internal/database/calls.sql.go:180.37,182.3 1 0
goDial/internal/database/calls.sql.go:183.2,183.35 1 0
goDial/internal/database/calls.sql.go:183.35,185.3 1 0
goDial/internal/database/calls.sql.go:186.2,186.19 1 0
goDial/internal/database/calls.sql.go:201.99,217.2 4 0
goDial/internal/database/db.go:19.28,21.2 1 4
goDial/internal/database/db.go:27.47,31.2 1 0
goDial/internal/database/init.go:24.41,27.47 2 4
goDial/internal/database/init.go:27.47,29.3 1 0
goDial/internal/database/init.go:32.2,33.16 2 4
goDial/internal/database/init.go:33.16,35.3 1 0
goDial/internal/database/init.go:38.2,38.37 1 4
goDial/internal/database/init.go:38.37,40.3 1 0
goDial/internal/database/init.go:43.2,43.45 1 4
goDial/internal/database/init.go:43.45,45.3 1 0
goDial/internal/database/init.go:48.2,53.8 2 4
goDial/internal/database/init.go:57.38,60.52 2 4
goDial/internal/database/init.go:60.52,62.3 1 0
goDial/internal/database/init.go:64.2,64.51 1 4
goDial/internal/database/init.go:64.51,66.3 1 0
goDial/internal/database/init.go:68.2,69.12 2 4
goDial/internal/database/init.go:73.29,75.2 1 4
goDial/internal/database/init.go:78.25,80.2 1 0
goDial/internal/database/users.sql.go:23.87,35.2 4 1
goDial/internal/database/users.sql.go:42.67,45.2 2 0
goDial/internal/database/users.sql.go:52.72,64.2 4 1
goDial/internal/database/users.sql.go:71.83,83.2 4 0
goDial/internal/database/users.sql.go:90.90,95.2 4 0
goDial/internal/database/users.sql.go:102.66,104.16 2 0
goDial/internal/database/users.sql.go:104.16,106.3 1 0
goDial/internal/database/users.sql.go:107.2,109.18 3 0
goDial/internal/database/users.sql.go:109.18,118.17 2 0
goDial/internal/database/users.sql.go:118.17,120.4 1 0
goDial/internal/database/users.sql.go:121.3,121.27 1 0
goDial/internal/database/users.sql.go:123.2,123.37 1 0
goDial/internal/database/users.sql.go:123.37,125.3 1 0
goDial/internal/database/users.sql.go:126.2,126.35 1 0
goDial/internal/database/users.sql.go:126.35,128.3 1 0
goDial/internal/database/users.sql.go:129.2,129.19 1 0
goDial/internal/database/users.sql.go:144.87,156.2 4 0
goDial/internal/stripe/stripe.go:8.29,12.2 2 0
goDial/internal/templates/components/button_templ.go:11.87,12.131 1 0
goDial/internal/templates/components/button_templ.go:12.131,14.71 2 0
goDial/internal/templates/components/button_templ.go:14.71,16.4 1 0
goDial/internal/templates/components/button_templ.go:17.3,18.31 2 0
goDial/internal/templates/components/button_templ.go:18.31,19.17 1 0
goDial/internal/templates/components/button_templ.go:19.17,21.34 2 0
goDial/internal/templates/components/button_templ.go:21.34,23.6 1 0
goDial/internal/templates/components/button_templ.go:26.3,28.33 3 0
goDial/internal/templates/components/button_templ.go:28.33,30.4 1 0
goDial/internal/templates/components/button_templ.go:31.3,32.18 2 0
goDial/internal/templates/components/button_templ.go:32.18,33.16 1 0
goDial/internal/templates/components/button_templ.go:33.16,40.34 3 0
goDial/internal/templates/components/button_templ.go:40.34,42.6 1 0
goDial/internal/templates/components/button_templ.go:43.5,44.34 2 0
goDial/internal/templates/components/button_templ.go:44.34,46.6 1 0
goDial/internal/templates/components/button_templ.go:47.5,49.34 3 0
goDial/internal/templates/components/button_templ.go:49.34,51.6 1 0
goDial/internal/templates/components/button_templ.go:52.5,53.34 2 0
goDial/internal/templates/components/button_templ.go:53.34,55.6 1 0
goDial/internal/templates/components/button_templ.go:56.5,57.34 2 0
goDial/internal/templates/components/button_templ.go:57.34,59.6 1 0
goDial/internal/templates/components/button_templ.go:60.5,62.34 3 0
goDial/internal/templates/components/button_templ.go:62.34,64.6 1 0
goDial/internal/templates/components/button_templ.go:65.5,66.34 2 0
goDial/internal/templates/components/button_templ.go:66.34,68.6 1 0
goDial/internal/templates/components/button_templ.go:69.5,71.34 3 0
goDial/internal/templates/components/button_templ.go:71.34,73.6 1 0
goDial/internal/templates/components/button_templ.go:74.5,75.34 2 0
goDial/internal/templates/components/button_templ.go:75.34,77.6 1 0
goDial/internal/templates/components/button_templ.go:78.5,79.34 2 0
goDial/internal/templates/components/button_templ.go:79.34,81.6 1 0
goDial/internal/templates/components/button_templ.go:82.10,89.34 3 0
goDial/internal/templates/components/button_templ.go:89.34,91.6 1 0
goDial/internal/templates/components/button_templ.go:92.5,93.34 2 0
goDial/internal/templates/components/button_templ.go:93.34,95.6 1 0
goDial/internal/templates/components/button_templ.go:96.5,98.34 3 0
goDial/internal/templates/components/button_templ.go:98.34,100.6 1 0
goDial/internal/templates/components/button_templ.go:101.5,102.34 2 0
goDial/internal/templates/components/button_templ.go:102.34,104.6 1 0
goDial/internal/templates/components/button_templ.go:105.5,106.34 2 0
goDial/internal/templates/components/button_templ.go:106.34,108.6 1 0
goDial/internal/templates/components/button_templ.go:109.5,111.34 3 0
goDial/internal/templates/components/button_templ.go:111.34,113.6 1 0
goDial/internal/templates/components/button_templ.go:114.5,115.34 2 0
goDial/internal/templates/components/button_templ.go:115.34,117.6 1 0
goDial/internal/templates/components/button_templ.go:118.5,120.34 3 0
goDial/internal/templates/components/button_templ.go:120.34,122.6 1 0
goDial/internal/templates/components/button_templ.go:123.5,124.34 2 0
goDial/internal/templates/components/button_templ.go:124.34,126.6 1 0
goDial/internal/templates/components/button_templ.go:127.5,128.34 2 0
goDial/internal/templates/components/button_templ.go:128.34,130.6 1 0
goDial/internal/templates/components/button_templ.go:132.9,139.33 3 0
goDial/internal/templates/components/button_templ.go:139.33,141.5 1 0
goDial/internal/templates/components/button_templ.go:142.4,143.33 2 0
goDial/internal/templates/components/button_templ.go:143.33,145.5 1 0
goDial/internal/templates/components/button_templ.go:146.4,148.33 3 0
goDial/internal/templates/components/button_templ.go:148.33,150.5 1 0
goDial/internal/templates/components/button_templ.go:151.4,152.33 2 0
goDial/internal/templates/components/button_templ.go:152.33,154.5 1 0
goDial/internal/templates/components/button_templ.go:155.4,156.33 2 0
goDial/internal/templates/components/button_templ.go:156.33,158.5 1 0
goDial/internal/templates/components/button_templ.go:159.4,161.33 3 0
goDial/internal/templates/components/button_templ.go:161.33,163.5 1 0
goDial/internal/templates/components/button_templ.go:164.4,165.33 2 0
goDial/internal/templates/components/button_templ.go:165.33,167.5 1 0
goDial/internal/templates/components/button_templ.go:168.4,169.33 2 0
goDial/internal/templates/components/button_templ.go:169.33,171.5 1 0
goDial/internal/templates/components/button_templ.go:173.3,173.28 1 0
goDial/internal/templates/components/cards_templ.go:11.41,12.131 1 0
goDial/internal/templates/components/cards_templ.go:12.131,14.71 2 0
goDial/internal/templates/components/cards_templ.go:14.71,16.4 1 0
goDial/internal/templates/components/cards_templ.go:17.3,18.31 2 0
goDial/internal/templates/components/cards_templ.go:18.31,19.17 1 0
goDial/internal/templates/components/cards_templ.go:19.17,21.34 2 0
goDial/internal/templates/components/cards_templ.go:21.34,23.6 1 0
goDial/internal/templates/components/cards_templ.go:26.3,28.33 3 0
goDial/internal/templates/components/cards_templ.go:28.33,30.4 1 0
goDial/internal/templates/components/cards_templ.go:31.3,33.32 3 0
goDial/internal/templates/components/cards_templ.go:33.32,35.4 1 0
goDial/internal/templates/components/cards_templ.go:36.3,38.32 3 0
goDial/internal/templates/components/cards_templ.go:38.32,40.4 1 0
goDial/internal/templates/components/cards_templ.go:41.3,42.32 2 0
goDial/internal/templates/components/cards_templ.go:42.32,44.4 1 0
goDial/internal/templates/components/cards_templ.go:45.3,46.32 2 0
goDial/internal/templates/components/cards_templ.go:46.32,48.4 1 0
goDial/internal/templates/components/cards_templ.go:49.3,50.32 2 0
goDial/internal/templates/components/cards_templ.go:50.32,52.4 1 0
goDial/internal/templates/components/cards_templ.go:53.3,54.32 2 0
goDial/internal/templates/components/cards_templ.go:54.32,56.4 1 0
goDial/internal/templates/components/cards_templ.go:57.3,57.28 1 0
goDial/internal/templates/components/cards_templ.go:61.47,62.131 1 0
goDial/internal/templates/components/cards_templ.go:62.131,64.71 2 0
goDial/internal/templates/components/cards_templ.go:64.71,66.4 1 0
goDial/internal/templates/components/cards_templ.go:67.3,68.31 2 0
goDial/internal/templates/components/cards_templ.go:68.31,69.17 1 0
goDial/internal/templates/components/cards_templ.go:69.17,71.34 2 0
goDial/internal/templates/components/cards_templ.go:71.34,73.6 1 0
goDial/internal/templates/components/cards_templ.go:76.3,78.33 3 0
goDial/internal/templates/components/cards_templ.go:78.33,80.4 1 0
goDial/internal/templates/components/cards_templ.go:81.3,83.32 3 0
goDial/internal/templates/components/cards_templ.go:83.32,85.4 1 0
goDial/internal/templates/components/cards_templ.go:86.3,88.32 3 0
goDial/internal/templates/components/cards_templ.go:88.32,90.4 1 0
goDial/internal/templates/components/cards_templ.go:91.3,92.32 2 0
goDial/internal/templates/components/cards_templ.go:92.32,94.4 1 0
goDial/internal/templates/components/cards_templ.go:95.3,96.32 2 0
goDial/internal/templates/components/cards_templ.go:96.32,98.4 1 0
goDial/internal/templates/components/cards_templ.go:99.3,101.32 3 0
goDial/internal/templates/components/cards_templ.go:101.32,103.4 1 0
goDial/internal/templates/components/cards_templ.go:104.3,105.32 2 0
goDial/internal/templates/components/cards_templ.go:105.32,107.4 1 0
goDial/internal/templates/components/cards_templ.go:108.3,109.32 2 0
goDial/internal/templates/components/cards_templ.go:109.32,111.4 1 0
goDial/internal/templates/components/cards_templ.go:112.3,112.28 1 0
goDial/internal/templates/components/forms_templ.go:11.93,12.131 1 0
goDial/internal/templates/components/forms_templ.go:12.131,14.71 2 0
goDial/internal/templates/components/forms_templ.go:14.71,16.4 1 0
goDial/internal/templates/components/forms_templ.go:17.3,18.31 2 0
goDial/internal/templates/components/forms_templ.go:18.31,19.17 1 0
goDial/internal/templates/components/forms_templ.go:19.17,21.34 2 0
goDial/internal/templates/components/forms_templ.go:21.34,23.6 1 0
goDial/internal/templates/components/forms_templ.go:26.3,28.33 3 0
goDial/internal/templates/components/forms_templ.go:28.33,30.4 1 0
goDial/internal/templates/components/forms_templ.go:31.3,33.32 3 0
goDial/internal/templates/components/forms_templ.go:33.32,35.4 1 0
goDial/internal/templates/components/forms_templ.go:36.3,38.32 3 0
goDial/internal/templates/components/forms_templ.go:38.32,40.4 1 0
goDial/internal/templates/components/forms_templ.go:41.3,42.32 2 0
goDial/internal/templates/components/forms_templ.go:42.32,44.4 1 0
goDial/internal/templates/components/forms_templ.go:45.3,46.32 2 0
goDial/internal/templates/components/forms_templ.go:46.32,48.4 1 0
goDial/internal/templates/components/forms_templ.go:49.3,51.32 3 0
goDial/internal/templates/components/forms_templ.go:51.32,53.4 1 0
goDial/internal/templates/components/forms_templ.go:54.3,55.32 2 0
goDial/internal/templates/components/forms_templ.go:55.32,57.4 1 0
goDial/internal/templates/components/forms_templ.go:58.3,59.32 2 0
goDial/internal/templates/components/forms_templ.go:59.32,61.4 1 0
goDial/internal/templates/components/forms_templ.go:62.3,64.32 3 0
goDial/internal/templates/components/forms_templ.go:64.32,66.4 1 0
goDial/internal/templates/components/forms_templ.go:67.3,68.32 2 0
goDial/internal/templates/components/forms_templ.go:68.32,70.4 1 0
goDial/internal/templates/components/forms_templ.go:71.3,72.32 2 0
goDial/internal/templates/components/forms_templ.go:72.32,74.4 1 0
goDial/internal/templates/components/forms_templ.go:75.3,77.32 3 0
goDial/internal/templates/components/forms_templ.go:77.32,79.4 1 0
goDial/internal/templates/components/forms_templ.go:80.3,81.32 2 0
goDial/internal/templates/components/forms_templ.go:81.32,83.4 1 0
goDial/internal/templates/components/forms_templ.go:84.3,85.32 2 0
goDial/internal/templates/components/forms_templ.go:85.32,87.4 1 0
goDial/internal/templates/components/forms_templ.go:88.3,88.28 1 0
goDial/internal/templates/components/navigation_templ.go:11.31,12.131 1 0
goDial/internal/templates/components/navigation_templ.go:12.131,14.71 2 0
goDial/internal/templates/components/navigation_templ.go:14.71,16.4 1 0
goDial/internal/templates/components/navigation_templ.go:17.3,18.31 2 0
goDial/internal/templates/components/navigation_templ.go:18.31,19.17 1 0
goDial/internal/templates/components/navigation_templ.go:19.17,21.34 2 0
goDial/internal/templates/components/navigation_templ.go:21.34,23.6 1 0
goDial/internal/templates/components/navigation_templ.go:26.3,28.33 3 0
goDial/internal/templates/components/navigation_templ.go:28.33,30.4 1 0
goDial/internal/templates/components/navigation_templ.go:31.3,33.32 3 0
goDial/internal/templates/components/navigation_templ.go:33.32,35.4 1 0
goDial/internal/templates/components/navigation_templ.go:36.3,36.28 1 0
goDial/internal/templates/components/navigation_templ.go:40.31,41.131 1 0
goDial/internal/templates/components/navigation_templ.go:41.131,43.71 2 0
goDial/internal/templates/components/navigation_templ.go:43.71,45.4 1 0
goDial/internal/templates/components/navigation_templ.go:46.3,47.31 2 0
goDial/internal/templates/components/navigation_templ.go:47.31,48.17 1 0
goDial/internal/templates/components/navigation_templ.go:48.17,50.34 2 0
goDial/internal/templates/components/navigation_templ.go:50.34,52.6 1 0
goDial/internal/templates/components/navigation_templ.go:55.3,57.33 3 0
goDial/internal/templates/components/navigation_templ.go:57.33,59.4 1 0
goDial/internal/templates/components/navigation_templ.go:60.3,62.32 3 0
goDial/internal/templates/components/navigation_templ.go:62.32,64.4 1 0
goDial/internal/templates/components/navigation_templ.go:65.3,65.28 1 0
goDial/internal/templates/layouts/app_templ.go:13.40,14.131 1 0
goDial/internal/templates/layouts/app_templ.go:14.131,16.71 2 0
goDial/internal/templates/layouts/app_templ.go:16.71,18.4 1 0
goDial/internal/templates/layouts/app_templ.go:19.3,20.31 2 0
goDial/internal/templates/layouts/app_templ.go:20.31,21.17 1 0
goDial/internal/templates/layouts/app_templ.go:21.17,23.34 2 0
goDial/internal/templates/layouts/app_templ.go:23.34,25.6 1 0
goDial/internal/templates/layouts/app_templ.go:28.3,30.33 3 0
goDial/internal/templates/layouts/app_templ.go:30.33,32.4 1 0
goDial/internal/templates/layouts/app_templ.go:33.3,35.32 3 0
goDial/internal/templates/layouts/app_templ.go:35.32,37.4 1 0
goDial/internal/templates/layouts/app_templ.go:38.3,40.32 3 0
goDial/internal/templates/layouts/app_templ.go:40.32,42.4 1 0
goDial/internal/templates/layouts/app_templ.go:43.3,44.32 2 0
goDial/internal/templates/layouts/app_templ.go:44.32,46.4 1 0
goDial/internal/templates/layouts/app_templ.go:47.3,48.32 2 0
goDial/internal/templates/layouts/app_templ.go:48.32,50.4 1 0
goDial/internal/templates/layouts/app_templ.go:51.3,52.32 2 0
goDial/internal/templates/layouts/app_templ.go:52.32,54.4 1 0
goDial/internal/templates/layouts/app_templ.go:55.3,56.32 2 0
goDial/internal/templates/layouts/app_templ.go:56.32,58.4 1 0
goDial/internal/templates/layouts/app_templ.go:59.3,60.32 2 0
goDial/internal/templates/layouts/app_templ.go:60.32,62.4 1 0
goDial/internal/templates/layouts/app_templ.go:63.3,64.32 2 0
goDial/internal/templates/layouts/app_templ.go:64.32,66.4 1 0
goDial/internal/templates/layouts/app_templ.go:67.3,68.32 2 0
goDial/internal/templates/layouts/app_templ.go:68.32,70.4 1 0
goDial/internal/templates/layouts/app_templ.go:71.3,72.32 2 0
goDial/internal/templates/layouts/app_templ.go:72.32,74.4 1 0
goDial/internal/templates/layouts/app_templ.go:75.3,75.28 1 0
goDial/internal/templates/pages/home_templ.go:16.29,17.131 1 0
goDial/internal/templates/pages/home_templ.go:17.131,19.71 2 0
goDial/internal/templates/pages/home_templ.go:19.71,21.4 1 0
goDial/internal/templates/pages/home_templ.go:22.3,23.31 2 0
goDial/internal/templates/pages/home_templ.go:23.31,24.17 1 0
goDial/internal/templates/pages/home_templ.go:24.17,26.34 2 0
goDial/internal/templates/pages/home_templ.go:26.34,28.6 1 0
goDial/internal/templates/pages/home_templ.go:31.3,33.33 3 0
goDial/internal/templates/pages/home_templ.go:33.33,35.4 1 0
goDial/internal/templates/pages/home_templ.go:36.3,37.148 2 0
goDial/internal/templates/pages/home_templ.go:37.148,40.32 3 0
goDial/internal/templates/pages/home_templ.go:40.32,41.18 1 0
goDial/internal/templates/pages/home_templ.go:41.18,43.35 2 0
goDial/internal/templates/pages/home_templ.go:43.35,45.7 1 0
goDial/internal/templates/pages/home_templ.go:48.4,50.33 3 0
goDial/internal/templates/pages/home_templ.go:50.33,52.5 1 0
goDial/internal/templates/pages/home_templ.go:53.4,54.33 2 0
goDial/internal/templates/pages/home_templ.go:54.33,56.5 1 0
goDial/internal/templates/pages/home_templ.go:57.4,58.33 2 0
goDial/internal/templates/pages/home_templ.go:58.33,60.5 1 0
goDial/internal/templates/pages/home_templ.go:61.4,62.33 2 0
goDial/internal/templates/pages/home_templ.go:62.33,64.5 1 0
goDial/internal/templates/pages/home_templ.go:65.4,66.33 2 0
goDial/internal/templates/pages/home_templ.go:66.33,68.5 1 0
goDial/internal/templates/pages/home_templ.go:69.4,70.33 2 0
goDial/internal/templates/pages/home_templ.go:70.33,72.5 1 0
goDial/internal/templates/pages/home_templ.go:73.4,74.33 2 0
goDial/internal/templates/pages/home_templ.go:74.33,76.5 1 0
goDial/internal/templates/pages/home_templ.go:77.4,78.33 2 0
goDial/internal/templates/pages/home_templ.go:78.33,80.5 1 0
goDial/internal/templates/pages/home_templ.go:81.4,82.33 2 0
goDial/internal/templates/pages/home_templ.go:82.33,84.5 1 0
goDial/internal/templates/pages/home_templ.go:85.4,86.33 2 0
goDial/internal/templates/pages/home_templ.go:86.33,88.5 1 0
goDial/internal/templates/pages/home_templ.go:89.4,90.33 2 0
goDial/internal/templates/pages/home_templ.go:90.33,92.5 1 0
goDial/internal/templates/pages/home_templ.go:93.4,93.29 1 0
goDial/internal/templates/pages/home_templ.go:95.3,96.32 2 0
goDial/internal/templates/pages/home_templ.go:96.32,98.4 1 0
goDial/internal/templates/pages/home_templ.go:99.3,99.28 1 0
goDial/internal/templates/pages/stripe_templ.go:17.46,18.131 1 0
goDial/internal/templates/pages/stripe_templ.go:18.131,20.71 2 0
goDial/internal/templates/pages/stripe_templ.go:20.71,22.4 1 0
goDial/internal/templates/pages/stripe_templ.go:23.3,24.31 2 0
goDial/internal/templates/pages/stripe_templ.go:24.31,25.17 1 0
goDial/internal/templates/pages/stripe_templ.go:25.17,27.34 2 0
goDial/internal/templates/pages/stripe_templ.go:27.34,29.6 1 0
goDial/internal/templates/pages/stripe_templ.go:32.3,34.33 3 0
goDial/internal/templates/pages/stripe_templ.go:34.33,36.4 1 0
goDial/internal/templates/pages/stripe_templ.go:37.3,38.148 2 0
goDial/internal/templates/pages/stripe_templ.go:38.148,41.32 3 0
goDial/internal/templates/pages/stripe_templ.go:41.32,42.18 1 0
goDial/internal/templates/pages/stripe_templ.go:42.18,44.35 2 0
goDial/internal/templates/pages/stripe_templ.go:44.35,46.7 1 0
goDial/internal/templates/pages/stripe_templ.go:49.4,51.33 3 0
goDial/internal/templates/pages/stripe_templ.go:51.33,53.5 1 0
goDial/internal/templates/pages/stripe_templ.go:54.4,56.33 3 0
goDial/internal/templates/pages/stripe_templ.go:56.33,58.5 1 0
goDial/internal/templates/pages/stripe_templ.go:59.4,60.33 2 0
goDial/internal/templates/pages/stripe_templ.go:60.33,62.5 1 0
goDial/internal/templates/pages/stripe_templ.go:63.4,64.33 2 0
goDial/internal/templates/pages/stripe_templ.go:64.33,66.5 1 0
goDial/internal/templates/pages/stripe_templ.go:67.4,68.33 2 0
goDial/internal/templates/pages/stripe_templ.go:68.33,70.5 1 0
goDial/internal/templates/pages/stripe_templ.go:71.4,72.33 2 0
goDial/internal/templates/pages/stripe_templ.go:72.33,74.5 1 0
goDial/internal/templates/pages/stripe_templ.go:75.4,76.33 2 0
goDial/internal/templates/pages/stripe_templ.go:76.33,78.5 1 0
goDial/internal/templates/pages/stripe_templ.go:79.4,80.33 2 0
goDial/internal/templates/pages/stripe_templ.go:80.33,82.5 1 0
goDial/internal/templates/pages/stripe_templ.go:83.4,83.29 1 0
goDial/internal/templates/pages/stripe_templ.go:85.3,86.32 2 0
goDial/internal/templates/pages/stripe_templ.go:86.32,88.4 1 0
goDial/internal/templates/pages/stripe_templ.go:89.3,89.28 1 0
goDial/internal/router/handlers.go:10.61,12.2 1 121
goDial/internal/router/handlers.go:14.57,15.54 1 9
goDial/internal/router/handlers.go:15.54,17.17 2 2
goDial/internal/router/handlers.go:17.17,20.4 2 2
goDial/internal/router/handlers.go:22.3,24.35 2 2
goDial/internal/router/handlers.go:24.35,26.4 1 0
goDial/internal/router/handlers.go:28.3,28.50 1 2
goDial/internal/router/router.go:11.46,29.2 8 9
goDial/internal/router/router.go:32.64,36.2 3 1
goDial/internal/router/router.go:39.63,41.76 1 0
goDial/internal/router/router.go:41.76,44.3 2 0
goDial/internal/router/router.go:46.2,55.41 6 0
goDial/internal/router/router.go:55.41,57.3 1 0
goDial/internal/router/router.go:60.2,64.6 4 0
goDial/internal/router/router.go:64.6,65.10 1 0
goDial/internal/router/router.go:66.21,68.10 1 0
goDial/internal/router/router.go:69.19,72.43 2 0
goDial/internal/router/router.go:72.43,74.5 1 0
goDial/internal/templates/components/button_templ.go:11.87,12.131 1 484
goDial/internal/templates/components/button_templ.go:12.131,14.71 2 484
goDial/internal/templates/components/button_templ.go:14.71,16.4 1 0
goDial/internal/templates/components/button_templ.go:17.3,18.31 2 484
goDial/internal/templates/components/button_templ.go:18.31,19.17 1 0
goDial/internal/templates/components/button_templ.go:19.17,21.34 2 0
goDial/internal/templates/components/button_templ.go:21.34,23.6 1 0
goDial/internal/templates/components/button_templ.go:26.3,28.33 3 484
goDial/internal/templates/components/button_templ.go:28.33,30.4 1 0
goDial/internal/templates/components/button_templ.go:31.3,32.18 2 484
goDial/internal/templates/components/button_templ.go:32.18,33.16 1 484
goDial/internal/templates/components/button_templ.go:33.16,40.34 3 121
goDial/internal/templates/components/button_templ.go:40.34,42.6 1 0
goDial/internal/templates/components/button_templ.go:43.5,44.34 2 121
goDial/internal/templates/components/button_templ.go:44.34,46.6 1 0
goDial/internal/templates/components/button_templ.go:47.5,49.34 3 121
goDial/internal/templates/components/button_templ.go:49.34,51.6 1 0
goDial/internal/templates/components/button_templ.go:52.5,53.34 2 121
goDial/internal/templates/components/button_templ.go:53.34,55.6 1 0
goDial/internal/templates/components/button_templ.go:56.5,57.34 2 121
goDial/internal/templates/components/button_templ.go:57.34,59.6 1 0
goDial/internal/templates/components/button_templ.go:60.5,62.34 3 121
goDial/internal/templates/components/button_templ.go:62.34,64.6 1 0
goDial/internal/templates/components/button_templ.go:65.5,66.34 2 121
goDial/internal/templates/components/button_templ.go:66.34,68.6 1 0
goDial/internal/templates/components/button_templ.go:69.5,71.34 3 121
goDial/internal/templates/components/button_templ.go:71.34,73.6 1 0
goDial/internal/templates/components/button_templ.go:74.5,75.34 2 121
goDial/internal/templates/components/button_templ.go:75.34,77.6 1 0
goDial/internal/templates/components/button_templ.go:78.5,79.34 2 121
goDial/internal/templates/components/button_templ.go:79.34,81.6 1 0
goDial/internal/templates/components/button_templ.go:82.10,89.34 3 363
goDial/internal/templates/components/button_templ.go:89.34,91.6 1 0
goDial/internal/templates/components/button_templ.go:92.5,93.34 2 363
goDial/internal/templates/components/button_templ.go:93.34,95.6 1 0
goDial/internal/templates/components/button_templ.go:96.5,98.34 3 363
goDial/internal/templates/components/button_templ.go:98.34,100.6 1 0
goDial/internal/templates/components/button_templ.go:101.5,102.34 2 363
goDial/internal/templates/components/button_templ.go:102.34,104.6 1 0
goDial/internal/templates/components/button_templ.go:105.5,106.34 2 363
goDial/internal/templates/components/button_templ.go:106.34,108.6 1 0
goDial/internal/templates/components/button_templ.go:109.5,111.34 3 363
goDial/internal/templates/components/button_templ.go:111.34,113.6 1 0
goDial/internal/templates/components/button_templ.go:114.5,115.34 2 363
goDial/internal/templates/components/button_templ.go:115.34,117.6 1 0
goDial/internal/templates/components/button_templ.go:118.5,120.34 3 363
goDial/internal/templates/components/button_templ.go:120.34,122.6 1 0
goDial/internal/templates/components/button_templ.go:123.5,124.34 2 363
goDial/internal/templates/components/button_templ.go:124.34,126.6 1 0
goDial/internal/templates/components/button_templ.go:127.5,128.34 2 363
goDial/internal/templates/components/button_templ.go:128.34,130.6 1 0
goDial/internal/templates/components/button_templ.go:132.9,139.33 3 0
goDial/internal/templates/components/button_templ.go:139.33,141.5 1 0
goDial/internal/templates/components/button_templ.go:142.4,143.33 2 0
goDial/internal/templates/components/button_templ.go:143.33,145.5 1 0
goDial/internal/templates/components/button_templ.go:146.4,148.33 3 0
goDial/internal/templates/components/button_templ.go:148.33,150.5 1 0
goDial/internal/templates/components/button_templ.go:151.4,152.33 2 0
goDial/internal/templates/components/button_templ.go:152.33,154.5 1 0
goDial/internal/templates/components/button_templ.go:155.4,156.33 2 0
goDial/internal/templates/components/button_templ.go:156.33,158.5 1 0
goDial/internal/templates/components/button_templ.go:159.4,161.33 3 0
goDial/internal/templates/components/button_templ.go:161.33,163.5 1 0
goDial/internal/templates/components/button_templ.go:164.4,165.33 2 0
goDial/internal/templates/components/button_templ.go:165.33,167.5 1 0
goDial/internal/templates/components/button_templ.go:168.4,169.33 2 0
goDial/internal/templates/components/button_templ.go:169.33,171.5 1 0
goDial/internal/templates/components/button_templ.go:173.3,173.28 1 484
goDial/internal/templates/components/cards_templ.go:11.41,12.131 1 363
goDial/internal/templates/components/cards_templ.go:12.131,14.71 2 363
goDial/internal/templates/components/cards_templ.go:14.71,16.4 1 0
goDial/internal/templates/components/cards_templ.go:17.3,18.31 2 363
goDial/internal/templates/components/cards_templ.go:18.31,19.17 1 0
goDial/internal/templates/components/cards_templ.go:19.17,21.34 2 0
goDial/internal/templates/components/cards_templ.go:21.34,23.6 1 0
goDial/internal/templates/components/cards_templ.go:26.3,28.33 3 363
goDial/internal/templates/components/cards_templ.go:28.33,30.4 1 0
goDial/internal/templates/components/cards_templ.go:31.3,33.32 3 363
goDial/internal/templates/components/cards_templ.go:33.32,35.4 1 0
goDial/internal/templates/components/cards_templ.go:36.3,38.32 3 363
goDial/internal/templates/components/cards_templ.go:38.32,40.4 1 0
goDial/internal/templates/components/cards_templ.go:41.3,42.32 2 363
goDial/internal/templates/components/cards_templ.go:42.32,44.4 1 0
goDial/internal/templates/components/cards_templ.go:45.3,46.32 2 363
goDial/internal/templates/components/cards_templ.go:46.32,48.4 1 0
goDial/internal/templates/components/cards_templ.go:49.3,50.32 2 363
goDial/internal/templates/components/cards_templ.go:50.32,52.4 1 0
goDial/internal/templates/components/cards_templ.go:53.3,54.32 2 363
goDial/internal/templates/components/cards_templ.go:54.32,56.4 1 0
goDial/internal/templates/components/cards_templ.go:57.3,57.28 1 363
goDial/internal/templates/components/cards_templ.go:61.47,62.131 1 6
goDial/internal/templates/components/cards_templ.go:62.131,64.71 2 6
goDial/internal/templates/components/cards_templ.go:64.71,66.4 1 0
goDial/internal/templates/components/cards_templ.go:67.3,68.31 2 6
goDial/internal/templates/components/cards_templ.go:68.31,69.17 1 0
goDial/internal/templates/components/cards_templ.go:69.17,71.34 2 0
goDial/internal/templates/components/cards_templ.go:71.34,73.6 1 0
goDial/internal/templates/components/cards_templ.go:76.3,78.33 3 6
goDial/internal/templates/components/cards_templ.go:78.33,80.4 1 0
goDial/internal/templates/components/cards_templ.go:81.3,83.32 3 6
goDial/internal/templates/components/cards_templ.go:83.32,85.4 1 0
goDial/internal/templates/components/cards_templ.go:86.3,88.32 3 6
goDial/internal/templates/components/cards_templ.go:88.32,90.4 1 0
goDial/internal/templates/components/cards_templ.go:91.3,92.32 2 6
goDial/internal/templates/components/cards_templ.go:92.32,94.4 1 0
goDial/internal/templates/components/cards_templ.go:95.3,96.32 2 6
goDial/internal/templates/components/cards_templ.go:96.32,98.4 1 0
goDial/internal/templates/components/cards_templ.go:99.3,101.32 3 6
goDial/internal/templates/components/cards_templ.go:101.32,103.4 1 0
goDial/internal/templates/components/cards_templ.go:104.3,105.32 2 6
goDial/internal/templates/components/cards_templ.go:105.32,107.4 1 0
goDial/internal/templates/components/cards_templ.go:108.3,109.32 2 6
goDial/internal/templates/components/cards_templ.go:109.32,111.4 1 0
goDial/internal/templates/components/cards_templ.go:112.3,112.28 1 6
goDial/internal/templates/components/forms_templ.go:11.93,12.131 1 484
goDial/internal/templates/components/forms_templ.go:12.131,14.71 2 484
goDial/internal/templates/components/forms_templ.go:14.71,16.4 1 0
goDial/internal/templates/components/forms_templ.go:17.3,18.31 2 484
goDial/internal/templates/components/forms_templ.go:18.31,19.17 1 0
goDial/internal/templates/components/forms_templ.go:19.17,21.34 2 0
goDial/internal/templates/components/forms_templ.go:21.34,23.6 1 0
goDial/internal/templates/components/forms_templ.go:26.3,28.33 3 484
goDial/internal/templates/components/forms_templ.go:28.33,30.4 1 0
goDial/internal/templates/components/forms_templ.go:31.3,33.32 3 484
goDial/internal/templates/components/forms_templ.go:33.32,35.4 1 0
goDial/internal/templates/components/forms_templ.go:36.3,38.32 3 484
goDial/internal/templates/components/forms_templ.go:38.32,40.4 1 0
goDial/internal/templates/components/forms_templ.go:41.3,42.32 2 484
goDial/internal/templates/components/forms_templ.go:42.32,44.4 1 0
goDial/internal/templates/components/forms_templ.go:45.3,46.32 2 484
goDial/internal/templates/components/forms_templ.go:46.32,48.4 1 0
goDial/internal/templates/components/forms_templ.go:49.3,51.32 3 484
goDial/internal/templates/components/forms_templ.go:51.32,53.4 1 0
goDial/internal/templates/components/forms_templ.go:54.3,55.32 2 484
goDial/internal/templates/components/forms_templ.go:55.32,57.4 1 0
goDial/internal/templates/components/forms_templ.go:58.3,59.32 2 484
goDial/internal/templates/components/forms_templ.go:59.32,61.4 1 0
goDial/internal/templates/components/forms_templ.go:62.3,64.32 3 484
goDial/internal/templates/components/forms_templ.go:64.32,66.4 1 0
goDial/internal/templates/components/forms_templ.go:67.3,68.32 2 484
goDial/internal/templates/components/forms_templ.go:68.32,70.4 1 0
goDial/internal/templates/components/forms_templ.go:71.3,72.32 2 484
goDial/internal/templates/components/forms_templ.go:72.32,74.4 1 0
goDial/internal/templates/components/forms_templ.go:75.3,77.32 3 484
goDial/internal/templates/components/forms_templ.go:77.32,79.4 1 0
goDial/internal/templates/components/forms_templ.go:80.3,81.32 2 484
goDial/internal/templates/components/forms_templ.go:81.32,83.4 1 0
goDial/internal/templates/components/forms_templ.go:84.3,85.32 2 484
goDial/internal/templates/components/forms_templ.go:85.32,87.4 1 0
goDial/internal/templates/components/forms_templ.go:88.3,88.28 1 484
goDial/internal/templates/components/navigation_templ.go:11.31,12.131 1 123
goDial/internal/templates/components/navigation_templ.go:12.131,14.71 2 123
goDial/internal/templates/components/navigation_templ.go:14.71,16.4 1 0
goDial/internal/templates/components/navigation_templ.go:17.3,18.31 2 123
goDial/internal/templates/components/navigation_templ.go:18.31,19.17 1 0
goDial/internal/templates/components/navigation_templ.go:19.17,21.34 2 0
goDial/internal/templates/components/navigation_templ.go:21.34,23.6 1 0
goDial/internal/templates/components/navigation_templ.go:26.3,28.33 3 123
goDial/internal/templates/components/navigation_templ.go:28.33,30.4 1 0
goDial/internal/templates/components/navigation_templ.go:31.3,33.32 3 123
goDial/internal/templates/components/navigation_templ.go:33.32,35.4 1 0
goDial/internal/templates/components/navigation_templ.go:36.3,36.28 1 123
goDial/internal/templates/components/navigation_templ.go:40.31,41.131 1 123
goDial/internal/templates/components/navigation_templ.go:41.131,43.71 2 123
goDial/internal/templates/components/navigation_templ.go:43.71,45.4 1 0
goDial/internal/templates/components/navigation_templ.go:46.3,47.31 2 123
goDial/internal/templates/components/navigation_templ.go:47.31,48.17 1 0
goDial/internal/templates/components/navigation_templ.go:48.17,50.34 2 0
goDial/internal/templates/components/navigation_templ.go:50.34,52.6 1 0
goDial/internal/templates/components/navigation_templ.go:55.3,57.33 3 123
goDial/internal/templates/components/navigation_templ.go:57.33,59.4 1 0
goDial/internal/templates/components/navigation_templ.go:60.3,62.32 3 123
goDial/internal/templates/components/navigation_templ.go:62.32,64.4 1 0
goDial/internal/templates/components/navigation_templ.go:65.3,65.28 1 123
goDial/internal/templates/layouts/app_templ.go:13.40,14.131 1 123
goDial/internal/templates/layouts/app_templ.go:14.131,16.71 2 123
goDial/internal/templates/layouts/app_templ.go:16.71,18.4 1 0
goDial/internal/templates/layouts/app_templ.go:19.3,20.31 2 123
goDial/internal/templates/layouts/app_templ.go:20.31,21.17 1 0
goDial/internal/templates/layouts/app_templ.go:21.17,23.34 2 0
goDial/internal/templates/layouts/app_templ.go:23.34,25.6 1 0
goDial/internal/templates/layouts/app_templ.go:28.3,30.33 3 123
goDial/internal/templates/layouts/app_templ.go:30.33,32.4 1 0
goDial/internal/templates/layouts/app_templ.go:33.3,35.32 3 123
goDial/internal/templates/layouts/app_templ.go:35.32,37.4 1 0
goDial/internal/templates/layouts/app_templ.go:38.3,40.32 3 123
goDial/internal/templates/layouts/app_templ.go:40.32,42.4 1 0
goDial/internal/templates/layouts/app_templ.go:43.3,44.32 2 123
goDial/internal/templates/layouts/app_templ.go:44.32,46.4 1 0
goDial/internal/templates/layouts/app_templ.go:47.3,48.32 2 123
goDial/internal/templates/layouts/app_templ.go:48.32,50.4 1 0
goDial/internal/templates/layouts/app_templ.go:51.3,52.32 2 123
goDial/internal/templates/layouts/app_templ.go:52.32,54.4 1 0
goDial/internal/templates/layouts/app_templ.go:55.3,56.32 2 123
goDial/internal/templates/layouts/app_templ.go:56.32,58.4 1 0
goDial/internal/templates/layouts/app_templ.go:59.3,60.32 2 123
goDial/internal/templates/layouts/app_templ.go:60.32,62.4 1 0
goDial/internal/templates/layouts/app_templ.go:63.3,64.32 2 123
goDial/internal/templates/layouts/app_templ.go:64.32,66.4 1 0
goDial/internal/templates/layouts/app_templ.go:67.3,68.32 2 123
goDial/internal/templates/layouts/app_templ.go:68.32,70.4 1 0
goDial/internal/templates/layouts/app_templ.go:71.3,72.32 2 123
goDial/internal/templates/layouts/app_templ.go:72.32,74.4 1 0
goDial/internal/templates/layouts/app_templ.go:75.3,75.28 1 123
goDial/internal/templates/pages/home_templ.go:16.29,17.131 1 121
goDial/internal/templates/pages/home_templ.go:17.131,19.71 2 121
goDial/internal/templates/pages/home_templ.go:19.71,21.4 1 0
goDial/internal/templates/pages/home_templ.go:22.3,23.31 2 121
goDial/internal/templates/pages/home_templ.go:23.31,24.17 1 121
goDial/internal/templates/pages/home_templ.go:24.17,26.34 2 121
goDial/internal/templates/pages/home_templ.go:26.34,28.6 1 121
goDial/internal/templates/pages/home_templ.go:31.3,33.33 3 121
goDial/internal/templates/pages/home_templ.go:33.33,35.4 1 0
goDial/internal/templates/pages/home_templ.go:36.3,37.148 2 121
goDial/internal/templates/pages/home_templ.go:37.148,40.32 3 121
goDial/internal/templates/pages/home_templ.go:40.32,41.18 1 0
goDial/internal/templates/pages/home_templ.go:41.18,43.35 2 0
goDial/internal/templates/pages/home_templ.go:43.35,45.7 1 0
goDial/internal/templates/pages/home_templ.go:48.4,50.33 3 121
goDial/internal/templates/pages/home_templ.go:50.33,52.5 1 0
goDial/internal/templates/pages/home_templ.go:53.4,54.33 2 121
goDial/internal/templates/pages/home_templ.go:54.33,56.5 1 0
goDial/internal/templates/pages/home_templ.go:57.4,58.33 2 121
goDial/internal/templates/pages/home_templ.go:58.33,60.5 1 0
goDial/internal/templates/pages/home_templ.go:61.4,62.33 2 121
goDial/internal/templates/pages/home_templ.go:62.33,64.5 1 0
goDial/internal/templates/pages/home_templ.go:65.4,66.33 2 121
goDial/internal/templates/pages/home_templ.go:66.33,68.5 1 0
goDial/internal/templates/pages/home_templ.go:69.4,70.33 2 121
goDial/internal/templates/pages/home_templ.go:70.33,72.5 1 0
goDial/internal/templates/pages/home_templ.go:73.4,74.33 2 121
goDial/internal/templates/pages/home_templ.go:74.33,76.5 1 0
goDial/internal/templates/pages/home_templ.go:77.4,78.33 2 121
goDial/internal/templates/pages/home_templ.go:78.33,80.5 1 0
goDial/internal/templates/pages/home_templ.go:81.4,82.33 2 121
goDial/internal/templates/pages/home_templ.go:82.33,84.5 1 0
goDial/internal/templates/pages/home_templ.go:85.4,86.33 2 121
goDial/internal/templates/pages/home_templ.go:86.33,88.5 1 0
goDial/internal/templates/pages/home_templ.go:89.4,90.33 2 121
goDial/internal/templates/pages/home_templ.go:90.33,92.5 1 0
goDial/internal/templates/pages/home_templ.go:93.4,93.29 1 121
goDial/internal/templates/pages/home_templ.go:95.3,96.32 2 121
goDial/internal/templates/pages/home_templ.go:96.32,98.4 1 0
goDial/internal/templates/pages/home_templ.go:99.3,99.28 1 121
goDial/internal/templates/pages/stripe_templ.go:17.46,18.131 1 2
goDial/internal/templates/pages/stripe_templ.go:18.131,20.71 2 2
goDial/internal/templates/pages/stripe_templ.go:20.71,22.4 1 0
goDial/internal/templates/pages/stripe_templ.go:23.3,24.31 2 2
goDial/internal/templates/pages/stripe_templ.go:24.31,25.17 1 2
goDial/internal/templates/pages/stripe_templ.go:25.17,27.34 2 2
goDial/internal/templates/pages/stripe_templ.go:27.34,29.6 1 2
goDial/internal/templates/pages/stripe_templ.go:32.3,34.33 3 2
goDial/internal/templates/pages/stripe_templ.go:34.33,36.4 1 0
goDial/internal/templates/pages/stripe_templ.go:37.3,38.148 2 2
goDial/internal/templates/pages/stripe_templ.go:38.148,41.32 3 2
goDial/internal/templates/pages/stripe_templ.go:41.32,42.18 1 0
goDial/internal/templates/pages/stripe_templ.go:42.18,44.35 2 0
goDial/internal/templates/pages/stripe_templ.go:44.35,46.7 1 0
goDial/internal/templates/pages/stripe_templ.go:49.4,51.33 3 2
goDial/internal/templates/pages/stripe_templ.go:51.33,53.5 1 0
goDial/internal/templates/pages/stripe_templ.go:54.4,56.33 3 2
goDial/internal/templates/pages/stripe_templ.go:56.33,58.5 1 0
goDial/internal/templates/pages/stripe_templ.go:59.4,60.33 2 2
goDial/internal/templates/pages/stripe_templ.go:60.33,62.5 1 0
goDial/internal/templates/pages/stripe_templ.go:63.4,64.33 2 2
goDial/internal/templates/pages/stripe_templ.go:64.33,66.5 1 0
goDial/internal/templates/pages/stripe_templ.go:67.4,68.33 2 2
goDial/internal/templates/pages/stripe_templ.go:68.33,70.5 1 0
goDial/internal/templates/pages/stripe_templ.go:71.4,72.33 2 2
goDial/internal/templates/pages/stripe_templ.go:72.33,74.5 1 0
goDial/internal/templates/pages/stripe_templ.go:75.4,76.33 2 2
goDial/internal/templates/pages/stripe_templ.go:76.33,78.5 1 0
goDial/internal/templates/pages/stripe_templ.go:79.4,80.33 2 2
goDial/internal/templates/pages/stripe_templ.go:80.33,82.5 1 0
goDial/internal/templates/pages/stripe_templ.go:83.4,83.29 1 2
goDial/internal/templates/pages/stripe_templ.go:85.3,86.32 2 2
goDial/internal/templates/pages/stripe_templ.go:86.32,88.4 1 0
goDial/internal/templates/pages/stripe_templ.go:89.3,89.28 1 2
